2023-12-12 12:22:54,424 - Preprocessor - SESSION_9d654990 - INFO: Construct Preprocessor logger success, current working directory: /home/abelsantiago/Documents/log anomaly sistem detection/z_deeplog, logs will be written in /home/abelsantiago/Documents/log anomaly sistem detection/z_deeplog/logs
2023-12-12 12:22:54,437 - Preprocessor - SESSION_9d654990 - INFO: Loading ./output//oct2-3//DeepLog/train0.1/h_size100_s_size20//train.pkl and ./output//oct2-3//DeepLog/train0.1/h_size100_s_size20//test.pkl
2023-12-12 12:26:14,819 - Preprocessor - SESSION_4ea4ee85 - INFO: Construct Preprocessor logger success, current working directory: /home/abelsantiago/Documents/log anomaly sistem detection/z_deeplog, logs will be written in /home/abelsantiago/Documents/log anomaly sistem detection/z_deeplog/logs
2023-12-12 12:26:14,827 - Preprocessor - SESSION_4ea4ee85 - INFO: Loading ./output//oct2-3//DeepLog/train0.1/h_size100_s_size20//train.pkl and ./output//oct2-3//DeepLog/train0.1/h_size100_s_size20//test.pkl
2023-12-12 13:05:48,024 - Preprocessor - SESSION_5e21cdc6 - INFO: Construct Preprocessor logger success, current working directory: /home/abelsantiago/Documents/log anomaly sistem detection/z_deeplog, logs will be written in /home/abelsantiago/Documents/log anomaly sistem detection/z_deeplog/logs
2023-12-12 13:05:48,037 - Preprocessor - SESSION_5e21cdc6 - INFO: Loading ./output//oct2-3//DeepLog/train0.1/h_size100_s_size20//train.pkl and ./output//oct2-3//DeepLog/train0.1/h_size100_s_size20//test.pkl
2023-12-12 13:09:31,155 - Preprocessor - SESSION_2cb2ed0d - INFO: Construct Preprocessor logger success, current working directory: /home/abelsantiago/Documents/log anomaly sistem detection/z_deeplog, logs will be written in /home/abelsantiago/Documents/log anomaly sistem detection/z_deeplog/logs
2023-12-12 13:09:31,168 - Preprocessor - SESSION_2cb2ed0d - INFO: Loading ./output//oct2-3//DeepLog/train0.1/h_size100_s_size20//train.pkl and ./output//oct2-3//DeepLog/train0.1/h_size100_s_size20//test.pkl
2023-12-12 13:13:11,920 - Preprocessor - SESSION_082386ab - INFO: Construct Preprocessor logger success, current working directory: /home/abelsantiago/Documents/log anomaly sistem detection/z_deeplog, logs will be written in /home/abelsantiago/Documents/log anomaly sistem detection/z_deeplog/logs
2023-12-12 13:13:11,930 - Preprocessor - SESSION_082386ab - INFO: Loading ./output//oct2-3//DeepLog/train0.1/h_size100_s_size20//train.pkl and ./output//oct2-3//DeepLog/train0.1/h_size100_s_size20//test.pkl
2023-12-12 13:15:48,778 - Preprocessor - SESSION_ccfdc59b - INFO: Construct Preprocessor logger success, current working directory: /home/abelsantiago/Documents/log anomaly sistem detection/z_deeplog, logs will be written in /home/abelsantiago/Documents/log anomaly sistem detection/z_deeplog/logs
2023-12-12 13:15:48,792 - Preprocessor - SESSION_ccfdc59b - INFO: Loading ./output//oct2-3//DeepLog/train0.1/h_size100_s_size20//train.pkl and ./output//oct2-3//DeepLog/train0.1/h_size100_s_size20//test.pkl
2023-12-12 13:16:08,537 - Preprocessor - SESSION_ba37c4cf - INFO: Construct Preprocessor logger success, current working directory: /home/abelsantiago/Documents/log anomaly sistem detection/z_deeplog, logs will be written in /home/abelsantiago/Documents/log anomaly sistem detection/z_deeplog/logs
2023-12-12 13:16:08,547 - Preprocessor - SESSION_ba37c4cf - INFO: Loading ./output//oct2-3//DeepLog/train0.1/h_size100_s_size20//train.pkl and ./output//oct2-3//DeepLog/train0.1/h_size100_s_size20//test.pkl
2023-12-12 13:17:32,947 - Preprocessor - SESSION_a815af9d - INFO: Construct Preprocessor logger success, current working directory: /home/abelsantiago/Documents/log anomaly sistem detection/z_deeplog, logs will be written in /home/abelsantiago/Documents/log anomaly sistem detection/z_deeplog/logs
2023-12-12 13:17:32,956 - Preprocessor - SESSION_a815af9d - INFO: Loading ./output//oct2-3//DeepLog/train0.1/h_size100_s_size20//train.pkl and ./output//oct2-3//DeepLog/train0.1/h_size100_s_size20//test.pkl
2023-12-12 13:18:02,324 - Preprocessor - SESSION_5928a37b - INFO: Construct Preprocessor logger success, current working directory: /home/abelsantiago/Documents/log anomaly sistem detection/z_deeplog, logs will be written in /home/abelsantiago/Documents/log anomaly sistem detection/z_deeplog/logs
2023-12-12 13:18:02,333 - Preprocessor - SESSION_5928a37b - INFO: Loading ./output//oct2-3//DeepLog/train0.1/h_size100_s_size20//train.pkl and ./output//oct2-3//DeepLog/train0.1/h_size100_s_size20//test.pkl
2023-12-12 13:29:07,646 - Preprocessor - SESSION_52a494af - INFO: Construct Preprocessor logger success, current working directory: /home/abelsantiago/Documents/log anomaly sistem detection/z_deeplog, logs will be written in /home/abelsantiago/Documents/log anomaly sistem detection/z_deeplog/logs
2023-12-12 13:29:07,652 - Preprocessor - SESSION_52a494af - INFO: Loading train.pkl and test.pkl from ./output//oct2-3//DeepLog/train0.1/h_size100_s_size20/
2023-12-12 13:53:10,224 - Preprocessor - SESSION_61cba5a2 - INFO: Construct Preprocessor logger success, current working directory: /home/abelsantiago/Documents/log anomaly sistem detection/z_deeplog, logs will be written in /home/abelsantiago/Documents/log anomaly sistem detection/z_deeplog/logs
2023-12-12 13:53:10,237 - Preprocessor - SESSION_61cba5a2 - INFO: Loading train.pkl and test.pkl from ./output//oct2-3//DeepLog/train0.1/h_size100_s_size20/
2023-12-12 13:53:35,110 - Preprocessor - SESSION_3959c71c - INFO: Construct Preprocessor logger success, current working directory: /home/abelsantiago/Documents/log anomaly sistem detection/z_deeplog, logs will be written in /home/abelsantiago/Documents/log anomaly sistem detection/z_deeplog/logs
2023-12-12 13:53:35,121 - Preprocessor - SESSION_3959c71c - INFO: Loading train.pkl and test.pkl from ./output//oct2-3//DeepLog/train0.1/h_size100_s_size20/
2023-12-12 14:11:10,568 - Preprocessor - SESSION_ef7b3173 - INFO: Construct Preprocessor logger success, current working directory: /home/abelsantiago/Documents/log anomaly sistem detection/z_deeplog, logs will be written in /home/abelsantiago/Documents/log anomaly sistem detection/z_deeplog/logs
2023-12-12 14:11:10,584 - Preprocessor - SESSION_ef7b3173 - INFO: Loading train.pkl and test.pkl from ./output//oct2-3//DeepLog/train0.1/h_size100_s_size20/
2023-12-12 14:11:21,898 - Preprocessor - SESSION_d63df065 - INFO: Construct Preprocessor logger success, current working directory: /home/abelsantiago/Documents/log anomaly sistem detection/z_deeplog, logs will be written in /home/abelsantiago/Documents/log anomaly sistem detection/z_deeplog/logs
2023-12-12 14:11:21,909 - Preprocessor - SESSION_d63df065 - INFO: Loading train.pkl and test.pkl from ./output//oct2-3//DeepLog/train0.1/h_size100_s_size20/
2023-12-12 14:12:51,913 - Preprocessor - SESSION_92b3b84b - INFO: Construct Preprocessor logger success, current working directory: /home/abelsantiago/Documents/log anomaly sistem detection/z_deeplog, logs will be written in /home/abelsantiago/Documents/log anomaly sistem detection/z_deeplog/logs
2023-12-12 14:12:51,926 - Preprocessor - SESSION_92b3b84b - INFO: Loading train.pkl and test.pkl from ./output//oct2-3//DeepLog/train0.1/h_size100_s_size20/
2023-12-12 15:28:11,563 - Preprocessor - SESSION_8a4f6270 - INFO: Construct Preprocessor logger success, current working directory: /home/abelsantiago/Documents/log anomaly sistem detection/z_deeplog, logs will be written in /home/abelsantiago/Documents/log anomaly sistem detection/z_deeplog/logs
2023-12-12 15:28:11,575 - Preprocessor - SESSION_8a4f6270 - INFO: Loading train.pkl and test.pkl from ./output//oct2-3//DeepLog/train0.1/h_size100_s_size20/
2023-12-12 15:43:05,543 - Preprocessor - SESSION_a1129818 - INFO: Construct Preprocessor logger success, current working directory: /home/abelsantiago/Documents/log anomaly sistem detection/z_deeplog, logs will be written in /home/abelsantiago/Documents/log anomaly sistem detection/z_deeplog/logs
2023-12-12 15:43:05,552 - Preprocessor - SESSION_a1129818 - INFO: Loading train.pkl and test.pkl from ./output//oct2-3//DeepLog/train0.1/h_size100_s_size20/
2023-12-12 15:45:26,785 - Preprocessor - SESSION_a0b98ce5 - INFO: Construct Preprocessor logger success, current working directory: /home/abelsantiago/Documents/log anomaly sistem detection/z_deeplog, logs will be written in /home/abelsantiago/Documents/log anomaly sistem detection/z_deeplog/logs
2023-12-12 15:45:26,796 - Preprocessor - SESSION_a0b98ce5 - INFO: Loading train.pkl and test.pkl from ./output//oct2-3//DeepLog/train0.1/h_size100_s_size20/
2023-12-12 15:46:46,251 - Preprocessor - SESSION_9a12595b - INFO: Construct Preprocessor logger success, current working directory: /home/abelsantiago/Documents/log anomaly sistem detection/z_deeplog, logs will be written in /home/abelsantiago/Documents/log anomaly sistem detection/z_deeplog/logs
2023-12-12 15:46:46,270 - Preprocessor - SESSION_9a12595b - INFO: Loading train.pkl and test.pkl from ./output//oct2-3//DeepLog/train0.1/h_size100_s_size20/
2023-12-12 15:47:18,710 - Preprocessor - SESSION_2f5c52cf - INFO: Construct Preprocessor logger success, current working directory: /home/abelsantiago/Documents/log anomaly sistem detection/z_deeplog, logs will be written in /home/abelsantiago/Documents/log anomaly sistem detection/z_deeplog/logs
2023-12-12 15:47:18,721 - Preprocessor - SESSION_2f5c52cf - INFO: Loading train.pkl and test.pkl from ./output//oct2-3//DeepLog/train0.1/h_size100_s_size20/
2023-12-12 15:47:39,559 - Preprocessor - SESSION_5a4ece02 - INFO: Construct Preprocessor logger success, current working directory: /home/abelsantiago/Documents/log anomaly sistem detection/z_deeplog, logs will be written in /home/abelsantiago/Documents/log anomaly sistem detection/z_deeplog/logs
2023-12-12 15:47:39,569 - Preprocessor - SESSION_5a4ece02 - INFO: Loading train.pkl and test.pkl from ./output//oct2-3//DeepLog/train0.1/h_size100_s_size20/
2023-12-12 15:48:01,038 - Preprocessor - SESSION_a0abd57d - INFO: Construct Preprocessor logger success, current working directory: /home/abelsantiago/Documents/log anomaly sistem detection/z_deeplog, logs will be written in /home/abelsantiago/Documents/log anomaly sistem detection/z_deeplog/logs
2023-12-12 15:48:01,049 - Preprocessor - SESSION_a0abd57d - INFO: Loading train.pkl and test.pkl from ./output//oct2-3//DeepLog/train0.1/h_size100_s_size20/
2023-12-12 15:49:08,177 - Preprocessor - SESSION_06bc5475 - INFO: Construct Preprocessor logger success, current working directory: /home/abelsantiago/Documents/log anomaly sistem detection/z_deeplog, logs will be written in /home/abelsantiago/Documents/log anomaly sistem detection/z_deeplog/logs
2023-12-12 15:49:08,187 - Preprocessor - SESSION_06bc5475 - INFO: Loading train.pkl and test.pkl from ./output//oct2-3//DeepLog/train0.1/h_size100_s_size20/
2023-12-12 15:49:40,307 - Preprocessor - SESSION_2054f841 - INFO: Construct Preprocessor logger success, current working directory: /home/abelsantiago/Documents/log anomaly sistem detection/z_deeplog, logs will be written in /home/abelsantiago/Documents/log anomaly sistem detection/z_deeplog/logs
2023-12-12 15:49:40,318 - Preprocessor - SESSION_2054f841 - INFO: Loading train.pkl and test.pkl from ./output//oct2-3//DeepLog/train0.1/h_size100_s_size20/
2023-12-12 15:50:07,360 - Preprocessor - SESSION_be3728b8 - INFO: Construct Preprocessor logger success, current working directory: /home/abelsantiago/Documents/log anomaly sistem detection/z_deeplog, logs will be written in /home/abelsantiago/Documents/log anomaly sistem detection/z_deeplog/logs
2023-12-12 15:50:07,374 - Preprocessor - SESSION_be3728b8 - INFO: Loading train.pkl and test.pkl from ./output//oct2-3//DeepLog/train0.1/h_size100_s_size20/
2023-12-12 15:50:25,477 - Preprocessor - SESSION_f847a176 - INFO: Construct Preprocessor logger success, current working directory: /home/abelsantiago/Documents/log anomaly sistem detection/z_deeplog, logs will be written in /home/abelsantiago/Documents/log anomaly sistem detection/z_deeplog/logs
2023-12-12 15:50:25,486 - Preprocessor - SESSION_f847a176 - INFO: Loading train.pkl and test.pkl from ./output//oct2-3//DeepLog/train0.1/h_size100_s_size20/
2023-12-12 15:52:35,262 - Preprocessor - SESSION_09ce003f - INFO: Construct Preprocessor logger success, current working directory: /home/abelsantiago/Documents/log anomaly sistem detection/z_deeplog, logs will be written in /home/abelsantiago/Documents/log anomaly sistem detection/z_deeplog/logs
2023-12-12 15:52:35,272 - Preprocessor - SESSION_09ce003f - INFO: Loading train.pkl and test.pkl from ./output//oct2-3//DeepLog/train0.1/h_size100_s_size20/
2023-12-12 15:53:04,395 - Preprocessor - SESSION_670586c1 - INFO: Construct Preprocessor logger success, current working directory: /home/abelsantiago/Documents/log anomaly sistem detection/z_deeplog, logs will be written in /home/abelsantiago/Documents/log anomaly sistem detection/z_deeplog/logs
2023-12-12 15:53:04,406 - Preprocessor - SESSION_670586c1 - INFO: Loading train.pkl and test.pkl from ./output//oct2-3//DeepLog/train0.1/h_size100_s_size20/
2023-12-12 15:54:01,749 - Preprocessor - SESSION_2510811a - INFO: Construct Preprocessor logger success, current working directory: /home/abelsantiago/Documents/log anomaly sistem detection/z_deeplog, logs will be written in /home/abelsantiago/Documents/log anomaly sistem detection/z_deeplog/logs
2023-12-12 15:54:01,759 - Preprocessor - SESSION_2510811a - INFO: Loading train.pkl and test.pkl from ./output//oct2-3//DeepLog/train0.1/h_size100_s_size20/
2023-12-12 15:54:25,219 - Preprocessor - SESSION_7a6b32e1 - INFO: Construct Preprocessor logger success, current working directory: /home/abelsantiago/Documents/log anomaly sistem detection/z_deeplog, logs will be written in /home/abelsantiago/Documents/log anomaly sistem detection/z_deeplog/logs
2023-12-12 15:54:25,228 - Preprocessor - SESSION_7a6b32e1 - INFO: Loading train.pkl and test.pkl from ./output//oct2-3//DeepLog/train0.1/h_size100_s_size20/
2023-12-12 15:56:09,963 - Preprocessor - SESSION_01e54329 - INFO: Construct Preprocessor logger success, current working directory: /home/abelsantiago/Documents/log anomaly sistem detection/z_deeplog, logs will be written in /home/abelsantiago/Documents/log anomaly sistem detection/z_deeplog/logs
2023-12-12 15:56:09,971 - Preprocessor - SESSION_01e54329 - INFO: Loading train.pkl and test.pkl from ./output//oct2-3//DeepLog/train0.1/h_size100_s_size20/
2023-12-12 15:57:37,275 - Preprocessor - SESSION_ec101b8c - INFO: Construct Preprocessor logger success, current working directory: /home/abelsantiago/Documents/log anomaly sistem detection/z_deeplog, logs will be written in /home/abelsantiago/Documents/log anomaly sistem detection/z_deeplog/logs
2023-12-12 15:57:37,286 - Preprocessor - SESSION_ec101b8c - INFO: Loading train.pkl and test.pkl from ./output//oct2-3//DeepLog/train0.1/h_size100_s_size20/
2023-12-12 15:58:03,252 - Preprocessor - SESSION_18d091ce - INFO: Construct Preprocessor logger success, current working directory: /home/abelsantiago/Documents/log anomaly sistem detection/z_deeplog, logs will be written in /home/abelsantiago/Documents/log anomaly sistem detection/z_deeplog/logs
2023-12-12 15:58:03,262 - Preprocessor - SESSION_18d091ce - INFO: Loading train.pkl and test.pkl from ./output//oct2-3//DeepLog/train0.1/h_size100_s_size20/
2023-12-12 15:58:40,012 - Preprocessor - SESSION_b42017d5 - INFO: Construct Preprocessor logger success, current working directory: /home/abelsantiago/Documents/log anomaly sistem detection/z_deeplog, logs will be written in /home/abelsantiago/Documents/log anomaly sistem detection/z_deeplog/logs
2023-12-12 15:58:40,022 - Preprocessor - SESSION_b42017d5 - INFO: Loading train.pkl and test.pkl from ./output//oct2-3//DeepLog/train0.1/h_size100_s_size20/
2023-12-12 15:59:22,826 - Preprocessor - SESSION_be4ac986 - INFO: Construct Preprocessor logger success, current working directory: /home/abelsantiago/Documents/log anomaly sistem detection/z_deeplog, logs will be written in /home/abelsantiago/Documents/log anomaly sistem detection/z_deeplog/logs
2023-12-12 15:59:22,835 - Preprocessor - SESSION_be4ac986 - INFO: Loading train.pkl and test.pkl from ./output//oct2-3//DeepLog/train0.1/h_size100_s_size20/
2023-12-12 16:03:43,641 - Preprocessor - SESSION_b57bc4d1 - INFO: Construct Preprocessor logger success, current working directory: /home/abelsantiago/Documents/log anomaly sistem detection/z_deeplog, logs will be written in /home/abelsantiago/Documents/log anomaly sistem detection/z_deeplog/logs
2023-12-12 16:03:43,652 - Preprocessor - SESSION_b57bc4d1 - INFO: Loading train.pkl and test.pkl from ./output//oct2-3//DeepLog/train0.1/h_size100_s_size20/
2023-12-13 12:36:18,683 - Preprocessor - SESSION_c6614388 - INFO: Construct Preprocessor logger success, current working directory: /home/abelsantiago/Documents/log anomaly sistem detection/z_deeplog, logs will be written in /home/abelsantiago/Documents/log anomaly sistem detection/z_deeplog/logs
2023-12-13 12:36:18,694 - Preprocessor - SESSION_c6614388 - INFO: Loading train.pkl and test.pkl from ./output//oct2-3//DeepLog/train0.1/h_size100_s_size20/
2023-12-13 14:01:58,393 - Preprocessor - SESSION_4408727d - INFO: Construct Preprocessor logger success, current working directory: /home/abelsantiago/Documents/log anomaly sistem detection/z_deeplog, logs will be written in /home/abelsantiago/Documents/log anomaly sistem detection/z_deeplog/logs
2023-12-13 14:02:05,626 - Preprocessor - SESSION_4408727d - INFO: Total sessions: 1000, train sessions: 400, test sessions: 600
2023-12-13 14:02:05,785 - Preprocessor - SESSION_4408727d - INFO: Saved train.pkl and test.pkl at ./output//oct2-3//DeepLog/train0.4/h_size100_s_size20/
2023-12-13 14:02:21,728 - Preprocessor - SESSION_ff73b39f - INFO: Construct Preprocessor logger success, current working directory: /home/abelsantiago/Documents/log anomaly sistem detection/z_deeplog, logs will be written in /home/abelsantiago/Documents/log anomaly sistem detection/z_deeplog/logs
2023-12-13 14:02:54,342 - Preprocessor - SESSION_ff73b39f - INFO: Total sessions: 100000, train sessions: 40000, test sessions: 60000
2023-12-13 14:02:57,447 - Preprocessor - SESSION_ff73b39f - INFO: Saved train.pkl and test.pkl at ./output//oct2-3//DeepLog/train0.4/h_size100_s_size3/
2023-12-13 15:16:37,769 - Preprocessor - SESSION_f19e9b06 - INFO: Construct Preprocessor logger success, current working directory: /home/abelsantiago/Documents/log anomaly sistem detection/z_deeplog, logs will be written in /home/abelsantiago/Documents/log anomaly sistem detection/z_deeplog/logs
2023-12-13 15:16:37,773 - Preprocessor - SESSION_f19e9b06 - INFO: Loading train.pkl and test.pkl from ./output//oct2-3//DeepLog/train0.4/h_size100_s_size3/
2023-12-13 15:20:56,186 - Preprocessor - SESSION_06c3899f - INFO: Construct Preprocessor logger success, current working directory: /home/abelsantiago/Documents/log anomaly sistem detection/z_deeplog, logs will be written in /home/abelsantiago/Documents/log anomaly sistem detection/z_deeplog/logs
2023-12-13 15:20:56,189 - Preprocessor - SESSION_06c3899f - INFO: Loading train.pkl and test.pkl from ./output//oct2-3//DeepLog/train0.4/h_size100_s_size3/
2023-12-13 15:21:35,984 - Preprocessor - SESSION_7ab3e392 - INFO: Construct Preprocessor logger success, current working directory: /home/abelsantiago/Documents/log anomaly sistem detection/z_deeplog, logs will be written in /home/abelsantiago/Documents/log anomaly sistem detection/z_deeplog/logs
2023-12-13 15:21:35,989 - Preprocessor - SESSION_7ab3e392 - INFO: Loading train.pkl and test.pkl from ./output//oct2-3//DeepLog/train0.4/h_size100_s_size3/
2023-12-13 15:21:57,558 - Preprocessor - SESSION_ee262169 - INFO: Construct Preprocessor logger success, current working directory: /home/abelsantiago/Documents/log anomaly sistem detection/z_deeplog, logs will be written in /home/abelsantiago/Documents/log anomaly sistem detection/z_deeplog/logs
2023-12-13 15:21:57,562 - Preprocessor - SESSION_ee262169 - INFO: Loading train.pkl and test.pkl from ./output//oct2-3//DeepLog/train0.4/h_size100_s_size3/
2023-12-13 15:30:06,343 - Preprocessor - SESSION_a734f4b8 - INFO: Construct Preprocessor logger success, current working directory: /home/abelsantiago/Documents/log anomaly sistem detection/z_deeplog, logs will be written in /home/abelsantiago/Documents/log anomaly sistem detection/z_deeplog/logs
2023-12-13 15:30:06,347 - Preprocessor - SESSION_a734f4b8 - INFO: Loading train.pkl and test.pkl from ./output//oct2-3//DeepLog/train0.4/h_size100_s_size3/
2023-12-26 12:06:59,646 - Preprocessor - SESSION_420657d2 - INFO: Construct Preprocessor logger success, current working directory: /home/abelsantiago/Documents/log anomaly sistem detection/z_deeplog, logs will be written in /home/abelsantiago/Documents/log anomaly sistem detection/z_deeplog/logs
2023-12-26 12:06:59,666 - Preprocessor - SESSION_420657d2 - INFO: Loading train.pkl and test.pkl from ./output//oct2-3//DeepLog/train0.4/h_size100_s_size3/
2023-12-29 12:54:59,570 - Preprocessor - SESSION_a0af8a87 - INFO: Construct Preprocessor logger success, current working directory: /home/abelsantiago/Documents/log anomaly sistem detection/z_deeplog, logs will be written in /home/abelsantiago/Documents/log anomaly sistem detection/z_deeplog/logs
2023-12-29 12:54:59,580 - Preprocessor - SESSION_a0af8a87 - INFO: Loading train.pkl and test.pkl from ./output//oct2-3//DeepLog/train0.4/h_size100_s_size3/
